{
  "RSpec": {
    "coverage": {
      "/home/earth/Downloads/apps/new_tesk_task_folder/nature_app/app/services/data_import/species_presence.rb": {
        "lines": [
          null,
          null,
          1,
          1,
          1,
          1,
          1,
          3,
          null,
          null,
          1,
          3,
          3,
          null,
          null,
          0,
          0,
          null,
          null,
          1,
          null,
          1,
          3,
          3,
          3,
          3,
          null,
          null,
          null,
          1,
          3,
          null,
          3,
          3,
          null,
          null,
          1,
          3,
          null,
          3,
          null,
          null,
          null,
          null,
          1,
          3,
          3,
          3,
          null,
          null,
          1,
          3,
          null,
          null,
          null,
          null,
          null,
          null,
          null,
          null,
          null,
          null,
          null,
          1,
          3,
          null,
          3,
          null,
          null,
          1,
          3,
          null,
          null,
          null,
          null
        ]
      },
      "/home/earth/Downloads/apps/new_tesk_task_folder/nature_app/app/services/species/map_geo_json.rb": {
        "lines": [
          null,
          null,
          1,
          1,
          1,
          1,
          0,
          null,
          null,
          1,
          0,
          0,
          null,
          null,
          1,
          null,
          1,
          0,
          null,
          null,
          null,
          1,
          0,
          0,
          0,
          0,
          0,
          0,
          0,
          0,
          null,
          null,
          0,
          null,
          null,
          null,
          1,
          0,
          null,
          null,
          null,
          null,
          null,
          null,
          null,
          null,
          null,
          null,
          null,
          null,
          null,
          null,
          null,
          null,
          null,
          null,
          null,
          null
        ]
      },
      "/home/earth/Downloads/apps/new_tesk_task_folder/nature_app/app/helpers/application_helper.rb": {
        "lines": [
          null,
          null,
          1,
          null
        ]
      },
      "/home/earth/Downloads/apps/new_tesk_task_folder/nature_app/app/helpers/occurrences_helper.rb": {
        "lines": [
          null,
          null,
          1,
          null
        ]
      },
      "/home/earth/Downloads/apps/new_tesk_task_folder/nature_app/app/helpers/species_helper.rb": {
        "lines": [
          null,
          null,
          1,
          null
        ]
      },
      "/home/earth/Downloads/apps/new_tesk_task_folder/nature_app/app/models/occurrence.rb": {
        "lines": [
          null,
          null,
          1,
          1,
          1,
          null,
          1,
          null
        ]
      },
      "/home/earth/Downloads/apps/new_tesk_task_folder/nature_app/app/models/application_record.rb": {
        "lines": [
          null,
          null,
          1,
          1,
          null
        ]
      },
      "/home/earth/Downloads/apps/new_tesk_task_folder/nature_app/app/models/specie.rb": {
        "lines": [
          null,
          null,
          1,
          1,
          1,
          null,
          1,
          null
        ]
      },
      "/home/earth/Downloads/apps/new_tesk_task_folder/nature_app/app/models/occurrence_specie.rb": {
        "lines": [
          null,
          null,
          1,
          1,
          1,
          null
        ]
      },
      "/home/earth/Downloads/apps/new_tesk_task_folder/nature_app/app/jobs/application_job.rb": {
        "lines": [
          null,
          null,
          0,
          null,
          null,
          null,
          null,
          null,
          0
        ],
        "branches": {
        }
      },
      "/home/earth/Downloads/apps/new_tesk_task_folder/nature_app/app/controllers/application_controller.rb": {
        "lines": [
          null,
          null,
          0,
          0,
          0
        ],
        "branches": {
        }
      },
      "/home/earth/Downloads/apps/new_tesk_task_folder/nature_app/app/controllers/species_controller.rb": {
        "lines": [
          null,
          null,
          0,
          0,
          null,
          null,
          null,
          null,
          null,
          null,
          0,
          null,
          0,
          null,
          null,
          0,
          null,
          null,
          0,
          0,
          0,
          null,
          null,
          0,
          null,
          null,
          0,
          0,
          null,
          0,
          0,
          0,
          0,
          0,
          0,
          0,
          0,
          0,
          0,
          null,
          null,
          0,
          0,
          0,
          0,
          0,
          0,
          0,
          0,
          0,
          0,
          0,
          null,
          null,
          0,
          0,
          null,
          0,
          0,
          0,
          0,
          0,
          null,
          0,
          null,
          null,
          0,
          0,
          0,
          null,
          null,
          0,
          0,
          0,
          0,
          0
        ],
        "branches": {
        }
      },
      "/home/earth/Downloads/apps/new_tesk_task_folder/nature_app/app/controllers/api/v1/occurrences_controller.rb": {
        "lines": [
          null,
          null,
          0,
          0,
          0,
          0,
          null,
          0,
          0,
          0,
          0,
          0,
          0,
          0,
          0,
          0,
          null,
          0,
          null,
          0,
          0,
          0,
          null,
          0,
          0,
          0,
          0,
          0,
          0,
          0,
          0
        ],
        "branches": {
        }
      },
      "/home/earth/Downloads/apps/new_tesk_task_folder/nature_app/app/controllers/api/v1/species_controller.rb": {
        "lines": [
          null,
          null,
          0,
          0,
          0,
          0,
          0,
          0,
          0,
          0,
          0,
          0,
          0,
          0
        ],
        "branches": {
        }
      },
      "/home/earth/Downloads/apps/new_tesk_task_folder/nature_app/app/channels/application_cable/channel.rb": {
        "lines": [
          null,
          null,
          0,
          0,
          0,
          0
        ],
        "branches": {
        }
      },
      "/home/earth/Downloads/apps/new_tesk_task_folder/nature_app/app/channels/application_cable/connection.rb": {
        "lines": [
          null,
          null,
          0,
          0,
          0,
          0
        ],
        "branches": {
        }
      },
      "/home/earth/Downloads/apps/new_tesk_task_folder/nature_app/app/mailers/application_mailer.rb": {
        "lines": [
          null,
          null,
          0,
          0,
          0,
          0
        ],
        "branches": {
        }
      },
      "/home/earth/Downloads/apps/new_tesk_task_folder/nature_app/app/serializers/specie_serializer.rb": {
        "lines": [
          null,
          null,
          0,
          0,
          0,
          0
        ],
        "branches": {
        }
      }
    },
    "timestamp": 1693338987
  }
}
